Arguments: 
  C:\Program Files\nodejs\node.exe C:\Users\dusti\AppData\Roaming\npm\node_modules\yarn\bin\yarn.js add react-native-chart-kit

PATH: 
  C:\Program Files\Eclipse Adoptium\jdk-17.0.4.101-hotspot\bin;C:\Python310\Scripts\;C:\Python310\;C:\Windows\system32;C:\Windows;C:\Windows\System32\Wbem;C:\Windows\System32\WindowsPowerShell\v1.0\;C:\Windows\System32\OpenSSH\;C:\ProgramData\chocolatey\bin;C:\Program Files\Git\cmd;C:\Users\abobakr\AppData\Roaming\npm;C:\Program Files\nodejs\;C:\Users\dusti\AppData\Local\Microsoft\WindowsApps;C:\Users\dusti\AppData\Local\Programs\Microsoft VS Code\bin;C:\Users\dusti\AppData\Local\GitHubDesktop\bin;C:\Users\dusti\AppData\Roaming\npm;C:\Users\dusti\AppData\Local\Android\Sdk\platform-tools;

Yarn version: 
  1.22.19

Node version: 
  18.12.1

Platform: 
  win32 x64

Trace: 
  Error: https://registry.yarnpkg.com/core-js/-/core-js-2.6.12.tgz: ESOCKETTIMEDOUT
      at ClientRequest.<anonymous> (C:\Users\dusti\AppData\Roaming\npm\node_modules\yarn\lib\cli.js:141517:19)
      at Object.onceWrapper (node:events:627:28)
      at ClientRequest.emit (node:events:513:28)
      at TLSSocket.emitRequestTimeout (node:_http_client:838:9)
      at Object.onceWrapper (node:events:627:28)
      at TLSSocket.emit (node:events:525:35)
      at Socket._onTimeout (node:net:562:8)
      at listOnTimeout (node:internal/timers:564:17)
      at process.processTimers (node:internal/timers:507:7)

npm manifest: 
  {
    "name": "LostIN",
    "version": "1.0.0",
    "main": "node_modules/expo/AppEntry.js",
    "scripts": {
      "start": "expo start",
      "android": "expo start --android",
      "ios": "expo start --ios",
      "web": "expo start --web",
      "eject": "expo eject"
    },
    "package": "com.dustin2.lostin",
    "versionCode": 1,
    "dependencies": {
      "@react-native-community/cli-debugger-ui": "^8.0.0",
      "@react-native-community/cli-server-api": "^8.0.0",
      "@react-native-community/datetimepicker": "6.1.2",
      "@react-native-picker/picker": "^2.4.0",
      "@react-navigation/drawer": "^6.3.1",
      "@react-navigation/native": "^6.0.8",
      "expo": "^45.0.6",
      "expo-chart-kit": "^1.2.4",
      "expo-constants": "^13.1.1",
      "expo-image-picker": "~13.1.1",
      "expo-location": "~14.2.2",
      "expo-status-bar": "~1.3.0",
      "expo-updates": "~0.13.4",
      "firebase": "^9.6.7",
      "install": "^0.13.0",
      "metro": "^0.71.3",
      "moment": "^2.29.4",
      "prop-types": "^15.8.1",
      "react": "17.0.2",
      "react-dom": "17.0.2",
      "react-native": "0.68.2",
      "react-native-elements": "^3.4.2",
      "react-native-gesture-handler": "~2.2.1",
      "react-native-maps": "0.30.2",
      "react-native-material-dropdown": "^0.11.1",
      "react-native-modal-datetime-picker": "^13.1.2",
      "react-native-paper": "^4.12.1",
      "react-native-reanimated": "~2.8.0",
      "react-native-safe-area-context": "4.2.4",
      "react-native-screens": "~3.11.1",
      "react-native-textarea": "^1.0.4",
      "react-native-vector-icons": "^9.2.0",
      "react-native-web": "0.17.7",
      "yarn": "^1.22.19",
      "yarnd": "^2.0.2"
    },
    "devDependencies": {
      "@babel/core": "^7.12.9"
    },
    "private": true
  }

yarn manifest: 
  No manifest

Lockfile: 
  No lockfile
